[INFO] Scanning for projects...
[INFO] 
[INFO] ---------------------< com.lifeos:player-service >----------------------
[INFO] Building player-service 0.0.1-SNAPSHOT
[INFO]   from pom.xml
[INFO] --------------------------------[ jar ]---------------------------------
[INFO] 
[INFO] --- resources:3.3.1:resources (default-resources) @ player-service ---
[INFO] Copying 1 resource from src\main\resources to target\classes
[INFO] Copying 0 resource from src\main\resources to target\classes
[INFO] 
[INFO] --- compiler:3.11.0:compile (default-compile) @ player-service ---
[INFO] Nothing to compile - all classes are up to date
[INFO] 
[INFO] --- resources:3.3.1:testResources (default-testResources) @ player-service ---
[INFO] skip non existing resourceDirectory C:\Users\user\Desktop\life-os\backend\player-service\src\test\resources
[INFO] 
[INFO] --- compiler:3.11.0:testCompile (default-testCompile) @ player-service ---
[INFO] Nothing to compile - all classes are up to date
[INFO] 
[INFO] --- surefire:3.1.2:test (default-test) @ player-service ---
[INFO] Using auto detected provider org.apache.maven.surefire.junitplatform.JUnitPlatformProvider
[INFO] 
[INFO] -------------------------------------------------------
[INFO]  T E S T S
[INFO] -------------------------------------------------------
[INFO] Running com.lifeos.economy.service.EconomySystemTest
WARNING: A Java agent has been loaded dynamically (C:\Users\user\.m2\repository\net\bytebuddy\byte-buddy-agent\1.14.10\byte-buddy-agent-1.14.10.jar)
WARNING: If a serviceability tool is in use, please run with -XX:+EnableDynamicAgentLoading to hide this warning
WARNING: If a serviceability tool is not in use, please run with -Djdk.instrument.traceUsage for more information
WARNING: Dynamic loading of agents will be disallowed by default in a future release
Java HotSpot(TM) 64-Bit Server VM warning: Sharing is only supported for boot loader classes because bootstrap classpath has been appended
Applying effect for Focus Potion: null
[INFO] Tests run: 5, Failures: 0, Errors: 0, Skipped: 0, Time elapsed: 6.445 s -- in com.lifeos.economy.service.EconomySystemTest
[INFO] Running com.lifeos.penalty.service.PenaltyServiceTest
21:58:17.118 [main] INFO com.lifeos.penalty.service.PenaltyService -- Penalty already applied for quest 17446e03-9432-4ee4-a1f5-cd3a69d96aed
21:58:17.151 [main] INFO com.lifeos.penalty.service.PenaltyService -- Applied penalty CRITICAL to player 4f1bb1bd-a620-4cfa-8b9b-53151e4187a0 for quest f5b839bc-dd9d-406e-8611-5e97ea924899
21:58:17.519 [main] INFO com.lifeos.penalty.service.PenaltyService -- Applied penalty LOW to player d55d9608-27c0-4727-acb4-6085e00815b6 for quest 4135fd21-395a-44ae-9b43-8bee637d4c24
[INFO] Tests run: 3, Failures: 0, Errors: 0, Skipped: 0, Time elapsed: 1.246 s -- in com.lifeos.penalty.service.PenaltyServiceTest
[INFO] Running com.lifeos.quest.service.DailyQuestServiceTest
21:58:17.884 [main] INFO com.lifeos.quest.service.DailyQuestService -- Generated 2 daily quests for player c060460d-88b6-43d6-91bc-83ec8a2776c8
21:58:17.985 [main] INFO com.lifeos.quest.service.DailyQuestService -- Generated 2 daily quests for player 73786fda-c6e8-471c-9c2a-cc726f887b43
21:58:18.000 [main] INFO com.lifeos.quest.service.DailyQuestService -- Starting System-Wide Daily Reset Cycle
21:58:18.002 [main] INFO com.lifeos.quest.service.DailyQuestService -- Generated 2 daily quests for player 9b503dbf-e673-44a2-90f5-6a56056d9726
21:58:18.002 [main] INFO com.lifeos.quest.service.DailyQuestService -- Daily Reset Cycle Completed
21:58:18.040 [main] INFO com.lifeos.quest.service.DailyQuestService -- Generated 2 daily quests for player 2284e983-a1c8-468f-a1d5-4d584cbac631
[ERROR] Tests run: 4, Failures: 1, Errors: 0, Skipped: 0, Time elapsed: 0.497 s <<< FAILURE! -- in com.lifeos.quest.service.DailyQuestServiceTest
[ERROR] com.lifeos.quest.service.DailyQuestServiceTest.testProcessReset_MarksFailed_AndtriggersPenalty -- Time elapsed: 0.407 s <<< FAILURE!
Argument(s) are different! Wanted:
penaltyService.enterPenaltyZone(
    c060460d-88b6-43d6-91bc-83ec8a2776c8,
    contains("DAILY_FAILURE")
);
-> at com.lifeos.penalty.service.PenaltyService.enterPenaltyZone(PenaltyService.java:95)
Actual invocations have different arguments at position [1]:
penaltyService.enterPenaltyZone(
    c060460d-88b6-43d6-91bc-83ec8a2776c8,
    "Consecutive Daily Failures: 2"
);
-> at com.lifeos.quest.service.DailyQuestService.processPlayerReset(DailyQuestService.java:137)

	at com.lifeos.penalty.service.PenaltyService.enterPenaltyZone(PenaltyService.java:95)
	at com.lifeos.quest.service.DailyQuestServiceTest.testProcessReset_MarksFailed_AndtriggersPenalty(DailyQuestServiceTest.java:105)
	at java.base/java.lang.reflect.Method.invoke(Method.java:580)
	at java.base/java.util.ArrayList.forEach(ArrayList.java:1596)
	at java.base/java.util.ArrayList.forEach(ArrayList.java:1596)

[INFO] Running com.lifeos.reward.service.RewardServiceTest
[INFO] Tests run: 6, Failures: 0, Errors: 0, Skipped: 0, Time elapsed: 0.404 s -- in com.lifeos.reward.service.RewardServiceTest
[INFO] Running com.lifeos.streak.service.StreakServiceTest
[INFO] Tests run: 10, Failures: 0, Errors: 0, Skipped: 0, Time elapsed: 0.534 s -- in com.lifeos.streak.service.StreakServiceTest
[INFO] 
[INFO] Results:
[INFO] 
[ERROR] Failures: 
[ERROR]   DailyQuestServiceTest.testProcessReset_MarksFailed_AndtriggersPenalty:105 
Argument(s) are different! Wanted:
penaltyService.enterPenaltyZone(
    c060460d-88b6-43d6-91bc-83ec8a2776c8,
    contains("DAILY_FAILURE")
);
-> at com.lifeos.penalty.service.PenaltyService.enterPenaltyZone(PenaltyService.java:95)
Actual invocations have different arguments at position [1]:
penaltyService.enterPenaltyZone(
    c060460d-88b6-43d6-91bc-83ec8a2776c8,
    "Consecutive Daily Failures: 2"
);
-> at com.lifeos.quest.service.DailyQuestService.processPlayerReset(DailyQuestService.java:137)

[INFO] 
[ERROR] Tests run: 28, Failures: 1, Errors: 0, Skipped: 0
[INFO] 
[INFO] ------------------------------------------------------------------------
[INFO] BUILD FAILURE
[INFO] ------------------------------------------------------------------------
[INFO] Total time:  26.337 s
[INFO] Finished at: 2026-01-11T21:58:19+05:30
[INFO] ------------------------------------------------------------------------
[ERROR] Failed to execute goal org.apache.maven.plugins:maven-surefire-plugin:3.1.2:test (default-test) on project player-service: There are test failures.
[ERROR] 
[ERROR] Please refer to C:\Users\user\Desktop\life-os\backend\player-service\target\surefire-reports for the individual test results.
[ERROR] Please refer to dump files (if any exist) [date].dump, [date]-jvmRun[N].dump and [date].dumpstream.
[ERROR] -> [Help 1]
[ERROR] 
[ERROR] To see the full stack trace of the errors, re-run Maven with the -e switch.
[ERROR] Re-run Maven using the -X switch to enable full debug logging.
[ERROR] 
[ERROR] For more information about the errors and possible solutions, please read the following articles:
[ERROR] [Help 1] http://cwiki.apache.org/confluence/display/MAVEN/MojoFailureException
