[INFO] Scanning for projects...
[INFO] 
[INFO] ---------------------< com.lifeos:player-service >----------------------
[INFO] Building player-service 0.0.1-SNAPSHOT
[INFO]   from pom.xml
[INFO] --------------------------------[ jar ]---------------------------------
[INFO] 
[INFO] --- resources:3.3.1:resources (default-resources) @ player-service ---
[INFO] Copying 1 resource from src\main\resources to target\classes
[INFO] Copying 0 resource from src\main\resources to target\classes
[INFO] 
[INFO] --- compiler:3.11.0:compile (default-compile) @ player-service ---
[INFO] Nothing to compile - all classes are up to date
[INFO] 
[INFO] --- resources:3.3.1:testResources (default-testResources) @ player-service ---
[INFO] skip non existing resourceDirectory C:\Users\user\Desktop\life-os\backend\player-service\src\test\resources
[INFO] 
[INFO] --- compiler:3.11.0:testCompile (default-testCompile) @ player-service ---
[INFO] Nothing to compile - all classes are up to date
[INFO] 
[INFO] --- surefire:3.1.2:test (default-test) @ player-service ---
[INFO] Using auto detected provider org.apache.maven.surefire.junitplatform.JUnitPlatformProvider
[INFO] 
[INFO] -------------------------------------------------------
[INFO]  T E S T S
[INFO] -------------------------------------------------------
[INFO] Running com.lifeos.economy.service.EconomySystemTest
WARNING: A Java agent has been loaded dynamically (C:\Users\user\.m2\repository\net\bytebuddy\byte-buddy-agent\1.14.10\byte-buddy-agent-1.14.10.jar)
WARNING: If a serviceability tool is in use, please run with -XX:+EnableDynamicAgentLoading to hide this warning
WARNING: If a serviceability tool is not in use, please run with -Djdk.instrument.traceUsage for more information
WARNING: Dynamic loading of agents will be disallowed by default in a future release
Java HotSpot(TM) 64-Bit Server VM warning: Sharing is only supported for boot loader classes because bootstrap classpath has been appended
Applying effect for Focus Potion: null
[INFO] Tests run: 5, Failures: 0, Errors: 0, Skipped: 0, Time elapsed: 11.33 s -- in com.lifeos.economy.service.EconomySystemTest
[INFO] Running com.lifeos.penalty.service.PenaltyServiceTest
21:53:16.838 [main] INFO com.lifeos.penalty.service.PenaltyService -- Penalty already applied for quest 802c30f9-2aeb-4617-ac6c-f31841de958b
21:53:16.881 [main] INFO com.lifeos.penalty.service.PenaltyService -- Applied penalty CRITICAL to player 0d121126-be9d-42ef-b3b1-3045d0ff140b for quest 3d9e38b3-26b1-4420-8c7e-691baf13fce4
21:53:16.901 [main] INFO com.lifeos.penalty.service.PenaltyService -- Applied penalty LOW to player 662a26d2-44a3-4dc7-9790-3772ee635510 for quest 7aa9f9cb-f5f1-4703-bc36-5547446fbc86
[INFO] Tests run: 3, Failures: 0, Errors: 0, Skipped: 0, Time elapsed: 1.061 s -- in com.lifeos.penalty.service.PenaltyServiceTest
[INFO] Running com.lifeos.quest.service.DailyQuestServiceTest
21:53:17.249 [main] INFO com.lifeos.quest.service.DailyQuestService -- Player 88830465-cf10-417f-8ff4-235424f6890d missed dailies. Consecutive: 1. Applied WARNING.
21:53:17.256 [main] INFO com.lifeos.quest.service.DailyQuestService -- Generated 2 daily quests for player 88830465-cf10-417f-8ff4-235424f6890d
21:53:17.333 [main] INFO com.lifeos.quest.service.DailyQuestService -- Generated 2 daily quests for player e545f335-84b9-4af0-ae39-057181fa5ab0
21:53:17.360 [main] INFO com.lifeos.quest.service.DailyQuestService -- Starting System-Wide Daily Reset Cycle
21:53:17.365 [main] INFO com.lifeos.quest.service.DailyQuestService -- Generated 2 daily quests for player 27483411-9e51-40c9-b971-9b6de7714b5b
21:53:17.365 [main] INFO com.lifeos.quest.service.DailyQuestService -- Daily Reset Cycle Completed
21:53:17.389 [main] INFO com.lifeos.quest.service.DailyQuestService -- Generated 2 daily quests for player af185c42-fb75-4e2f-a759-1636ab85494f
[ERROR] Tests run: 4, Failures: 1, Errors: 0, Skipped: 0, Time elapsed: 0.462 s <<< FAILURE! -- in com.lifeos.quest.service.DailyQuestServiceTest
[ERROR] com.lifeos.quest.service.DailyQuestServiceTest.testProcessReset_MarksFailed_AndtriggersPenalty -- Time elapsed: 0.368 s <<< FAILURE!
Wanted but not invoked:
penaltyService.enterPenaltyZone(
    88830465-cf10-417f-8ff4-235424f6890d,
    contains("DAILY_FAILURE")
);
-> at com.lifeos.penalty.service.PenaltyService.enterPenaltyZone(PenaltyService.java:95)
Actually, there were zero interactions with this mock.

	at com.lifeos.penalty.service.PenaltyService.enterPenaltyZone(PenaltyService.java:95)
	at com.lifeos.quest.service.DailyQuestServiceTest.testProcessReset_MarksFailed_AndtriggersPenalty(DailyQuestServiceTest.java:102)
	at java.base/java.lang.reflect.Method.invoke(Method.java:580)
	at java.base/java.util.ArrayList.forEach(ArrayList.java:1596)
	at java.base/java.util.ArrayList.forEach(ArrayList.java:1596)

[INFO] Running com.lifeos.reward.service.RewardServiceTest
[INFO] Tests run: 6, Failures: 0, Errors: 0, Skipped: 0, Time elapsed: 0.519 s -- in com.lifeos.reward.service.RewardServiceTest
[INFO] Running com.lifeos.streak.service.StreakServiceTest
[INFO] Tests run: 10, Failures: 0, Errors: 0, Skipped: 0, Time elapsed: 0.524 s -- in com.lifeos.streak.service.StreakServiceTest
[INFO] 
[INFO] Results:
[INFO] 
[ERROR] Failures: 
[ERROR]   DailyQuestServiceTest.testProcessReset_MarksFailed_AndtriggersPenalty:102 
Wanted but not invoked:
penaltyService.enterPenaltyZone(
    88830465-cf10-417f-8ff4-235424f6890d,
    contains("DAILY_FAILURE")
);
-> at com.lifeos.penalty.service.PenaltyService.enterPenaltyZone(PenaltyService.java:95)
Actually, there were zero interactions with this mock.

[INFO] 
[ERROR] Tests run: 28, Failures: 1, Errors: 0, Skipped: 0
[INFO] 
[INFO] ------------------------------------------------------------------------
[INFO] BUILD FAILURE
[INFO] ------------------------------------------------------------------------
[INFO] Total time:  26.234 s
[INFO] Finished at: 2026-01-11T21:53:18+05:30
[INFO] ------------------------------------------------------------------------
[ERROR] Failed to execute goal org.apache.maven.plugins:maven-surefire-plugin:3.1.2:test (default-test) on project player-service: There are test failures.
[ERROR] 
[ERROR] Please refer to C:\Users\user\Desktop\life-os\backend\player-service\target\surefire-reports for the individual test results.
[ERROR] Please refer to dump files (if any exist) [date].dump, [date]-jvmRun[N].dump and [date].dumpstream.
[ERROR] -> [Help 1]
[ERROR] 
[ERROR] To see the full stack trace of the errors, re-run Maven with the -e switch.
[ERROR] Re-run Maven using the -X switch to enable full debug logging.
[ERROR] 
[ERROR] For more information about the errors and possible solutions, please read the following articles:
[ERROR] [Help 1] http://cwiki.apache.org/confluence/display/MAVEN/MojoFailureException
